TN:
SF:/home/woody/Documents/meaningful-bird/src/app.js
FN:8,(anonymous_0)
FNF:1
FNH:1
FNDA:1,(anonymous_0)
DA:9,1
DA:10,1
DA:11,1
DA:12,1
DA:13,1
LF:5
LH:5
BRF:0
BRH:0
end_of_record
TN:
SF:/home/woody/Documents/meaningful-bird/src/database.js
FN:4,(anonymous_0)
FN:9,(anonymous_1)
FN:13,(anonymous_2)
FNF:3
FNH:3
FNDA:4,(anonymous_0)
FNDA:4,(anonymous_1)
FNDA:2,(anonymous_2)
DA:5,4
DA:6,4
DA:10,4
DA:14,2
LF:4
LH:4
BRF:0
BRH:0
end_of_record
TN:
SF:/home/woody/Documents/meaningful-bird/src/handler.js
FN:5,(anonymous_0)
FN:20,(anonymous_1)
FN:31,(anonymous_2)
FN:35,(anonymous_3)
FNF:4
FNH:2
FNDA:2,(anonymous_0)
FNDA:2,(anonymous_1)
FNDA:0,(anonymous_2)
FNDA:0,(anonymous_3)
DA:2,1
DA:6,2
DA:7,2
DA:9,1
DA:10,1
DA:13,1
DA:14,1
DA:21,2
DA:22,2
DA:23,1
DA:24,1
DA:26,1
DA:27,1
DA:32,0
LF:14
LH:13
BRDA:7,0,0,1
BRDA:7,0,1,1
BRDA:13,1,0,1
BRDA:13,1,1,0
BRDA:22,2,0,1
BRDA:22,2,1,1
BRF:6
BRH:5
end_of_record
TN:
SF:/home/woody/Documents/meaningful-bird/src/middleware.js
FN:2,(anonymous_0)
FNF:1
FNH:1
FNDA:4,(anonymous_0)
DA:3,4
DA:4,3
DA:5,2
DA:7,1
DA:10,1
LF:5
LH:5
BRDA:3,0,0,3
BRDA:3,0,1,1
BRDA:4,1,0,2
BRDA:4,1,1,1
BRDA:4,2,0,3
BRDA:4,2,1,3
BRF:6
BRH:6
end_of_record
TN:
SF:/home/woody/Documents/meaningful-bird/src/routes.js
FN:3,(anonymous_0)
FN:11,(anonymous_1)
FNF:2
FNH:2
FNDA:2,(anonymous_0)
FNDA:1,(anonymous_1)
DA:4,2
DA:5,1
DA:7,1
DA:12,1
DA:16,1
LF:5
LH:5
BRDA:4,0,0,1
BRDA:4,0,1,1
BRDA:12,1,0,0
BRDA:12,1,1,1
BRF:4
BRH:3
end_of_record
